0.000000e+00 2.000000e+00 1.000000e+00 0.000000e+00 0.000000e+00 0.000000e+00 0.000000e+00 0.000000e+00 0.000000e+00 0.000000e+00
1.190476e-03 2.000000e+00 1.000000e+00 0.000000e+00 0.000000e+00 1.118459e+01 8.463475e+00 -nan 0.000000e+00 7.993209e-01
2.585034e-03 2.000000e+00 1.000000e+00 0.000000e+00 0.000000e+00 1.592623e+01 8.768244e+00 -nan -nan 9.665688e-01
4.220033e-03 2.000000e+00 1.000000e+00 0.000000e+00 0.000000e+00 2.105697e+01 8.804221e+00 -nan -nan 1.403888e+00
6.127531e-03 2.000000e+00 1.000000e+00 0.000000e+00 0.000000e+00 2.439072e+01 8.330015e+00 -nan -nan 1.598864e+00
8.321155e-03 2.000000e+00 1.000000e+00 0.000000e+00 0.000000e+00 3.011230e+01 8.045867e+00 -nan -nan 2.188426e+00
1.092608e-02 2.000000e+00 1.000000e+00 0.000000e+00 0.000000e+00 3.493470e+01 7.345513e+00 -nan -nan 2.653470e+00
1.393177e-02 2.000000e+00 1.000000e+00 0.000000e+00 0.000000e+00 4.225972e+01 6.507272e+00 -nan -nan 3.498243e+00
1.721070e-02 2.000000e+00 1.000000e+00 0.000000e+00 0.000000e+00 5.141040e+01 5.347414e+00 -nan -nan 4.403120e+00
2.019154e-02 2.000000e+00 1.000000e+00 0.000000e+00 0.000000e+00 6.800977e+01 4.513614e+00 -nan -nan 5.619279e+00
2.290140e-02 2.000000e+00 1.000000e+00 0.000000e+00 0.000000e+00 7.957672e+01 3.254653e+00 -nan -nan 6.558335e+00
2.536491e-02 2.000000e+00 1.000000e+00 0.000000e+00 0.000000e+00 8.731844e+01 2.479678e+00 -nan -nan 7.142109e+00
2.782842e-02 2.000000e+00 1.000000e+00 0.000000e+00 0.000000e+00 8.593259e+01 9.429676e-01 -nan -nan 7.440041e+00
3.004558e-02 2.000000e+00 1.000000e+00 0.000000e+00 0.000000e+00 9.689362e+01 4.371938e-01 -nan -nan 8.243840e+00
3.226274e-02 2.000000e+00 1.000000e+00 0.000000e+00 -0.000000e+00 9.310685e+01 -1.402811e+00 -nan -nan 8.924655e+00
3.447989e-02 2.000000e+00 1.000000e+00 0.000000e+00 -0.000000e+00 9.543534e+01 -2.018722e+00 -nan -nan 9.446182e+00
3.669705e-02 2.000000e+00 1.000000e+00 0.000000e+00 -0.000000e+00 9.798418e+01 -4.141262e+00 -nan -nan 1.033733e+01
3.891421e-02 2.000000e+00 1.000000e+00 0.000000e+00 -0.000000e+00 1.010287e+02 -4.782659e+00 -nan -nan 1.076589e+01
4.113137e-02 2.000000e+00 1.000000e+00 0.000000e+00 -0.000000e+00 1.042409e+02 -7.038057e+00 -nan -nan 1.174623e+01
4.334853e-02 2.000000e+00 1.000000e+00 0.000000e+00 -0.000000e+00 1.082125e+02 -7.786975e+00 -nan -nan 1.214008e+01
4.556568e-02 2.000000e+00 1.000000e+00 0.000000e+00 -0.000000e+00 1.124689e+02 -1.036615e+01 -nan -nan 1.318945e+01
4.778284e-02 2.000000e+00 1.000000e+00 0.000000e+00 -0.000000e+00 1.174481e+02 -1.117433e+01 -nan -nan 1.357176e+01
5.000000e-02 2.000000e+00 1.000000e+00 0.000000e+00 -0.000000e+00 1.223692e+02 -1.402079e+01 -nan -nan 1.469631e+01
5.238095e-02 2.000000e+00 1.000000e+00 0.000000e+00 -0.000000e+00 1.222123e+02 -1.539339e+01 -nan -nan 1.514528e+01
5.476190e-02 2.000000e+00 1.000000e+00 0.000000e+00 -0.000000e+00 1.321512e+02 -1.857182e+01 -nan -nan 1.691073e+01
5.727513e-02 2.000000e+00 1.000000e+00 0.000000e+00 -0.000000e+00 1.328300e+02 -2.078024e+01 -nan -nan 1.768024e+01
5.994544e-02 2.000000e+00 1.000000e+00 0.000000e+00 -0.000000e+00 1.398049e+02 -2.452760e+01 -nan -nan 1.937823e+01
6.261574e-02 2.000000e+00 1.000000e+00 0.000000e+00 -0.000000e+00 1.526173e+02 -2.723028e+01 -nan -nan 2.063596e+01
6.495226e-02 2.000000e+00 1.000000e+00 0.000000e+00 -0.000000e+00 1.728132e+02 -3.072650e+01 -nan -nan 2.245134e+01
6.728877e-02 2.000000e+00 1.000000e+00 0.000000e+00 -0.000000e+00 1.665960e+02 -3.333058e+01 -nan -nan 2.315456e+01
6.980502e-02 2.000000e+00 1.000000e+00 0.000000e+00 -0.000000e+00 1.699697e+02 -3.678811e+01 -nan -nan 2.465348e+01
7.255002e-02 2.000000e+00 1.000000e+00 0.000000e+00 -0.000000e+00 1.780676e+02 -4.094847e+01 -nan -nan 2.627352e+01
7.504547e-02 2.000000e+00 1.000000e+00 0.000000e+00 -0.000000e+00 2.069000e+02 -4.473675e+01 -nan -nan 2.823979e+01
7.731407e-02 2.000000e+00 1.000000e+00 0.000000e+00 -0.000000e+00 2.138843e+02 -4.913955e+01 -nan -nan 2.995433e+01
7.937642e-02 2.000000e+00 1.000000e+00 0.000000e+00 -0.000000e+00 2.247695e+02 -5.064847e+01 -nan -nan 3.092288e+01
8.166793e-02 2.000000e+00 1.000000e+00 0.000000e+00 -0.000000e+00 2.089381e+02 -5.494319e+01 -nan -nan 3.240387e+01
8.395944e-02 2.000000e+00 1.000000e+00 0.000000e+00 -0.000000e+00 2.357295e+02 -5.680729e+01 -nan -nan 3.355084e+01
8.625095e-02 2.000000e+00 1.000000e+00 0.000000e+00 -0.000000e+00 2.407629e+02 -6.391474e+01 -nan -nan 3.606701e+01
8.854246e-02 2.000000e+00 1.000000e+00 0.000000e+00 -0.000000e+00 2.496335e+02 -6.413023e+01 -nan -nan 3.617508e+01
9.083397e-02 2.000000e+00 1.000000e+00 0.000000e+00 -0.000000e+00 2.585367e+02 -7.127635e+01 -nan -nan 3.900699e+01
9.312547e-02 2.000000e+00 1.000000e+00 0.000000e+00 -0.000000e+00 2.675977e+02 -7.140408e+01 -nan -nan 3.916496e+01
9.541698e-02 2.000000e+00 1.000000e+00 0.000000e+00 -0.000000e+00 2.781132e+02 -7.864730e+01 -nan -nan 4.229319e+01
9.770849e-02 2.000000e+00 1.000000e+00 0.000000e+00 -0.000000e+00 2.885605e+02 -7.897705e+01 -nan -nan 4.244485e+01
9.885425e-02 2.000000e+00 1.000000e+00 0.000000e+00 -0.000000e+00 4.580019e+02 -9.657939e+01 -nan -nan 4.867479e+01
1.000000e-01 2.000000e+00 1.000000e+00 0.000000e+00 -0.000000e+00 2.536975e+02 -8.642114e+01 -nan -nan 4.354324e+01
1.013514e-01 2.000000e+00 1.000000e+00 0.000000e+00 -0.000000e+00 2.852513e+02 -7.863721e+01 -nan -nan 4.398129e+01
1.028716e-01 2.000000e+00 1.000000e+00 0.000000e+00 -0.000000e+00 2.861739e+02 -8.733998e+01 -nan -nan 4.467449e+01
1.045548e-01 2.000000e+00 1.000000e+00 0.000000e+00 -0.000000e+00 2.999541e+02 -8.553796e+01 -nan -nan 4.595787e+01
1.064483e-01 2.000000e+00 1.000000e+00 0.000000e+00 -0.000000e+00 3.072945e+02 -9.237978e+01 -nan -nan 4.789898e+01
1.085222e-01 2.000000e+00 1.000000e+00 0.000000e+00 -0.000000e+00 3.265508e+02 -9.339881e+01 -nan -nan 4.936774e+01
1.104974e-01 2.000000e+00 1.000000e+00 0.000000e+00 -0.000000e+00 3.619191e+02 -1.028528e+02 -nan -nan 5.209959e+01
1.124725e-01 2.000000e+00 1.000000e+00 0.000000e+00 -0.000000e+00 3.612984e+02 -1.041208e+02 -nan -nan 5.338784e+01
1.144476e-01 2.000000e+00 1.000000e+00 0.000000e+00 -0.000000e+00 3.774825e+02 -1.101741e+02 -nan -nan 5.540185e+01
1.163188e-01 2.000000e+00 1.000000e+00 0.000000e+00 -0.000000e+00 4.007793e+02 -1.133978e+02 -nan -nan 5.708003e+01
1.181900e-01 2.000000e+00 1.000000e+00 0.000000e+00 -0.000000e+00 3.991899e+02 -1.187234e+02 -nan -nan 5.881884e+01
1.200611e-01 2.000000e+00 1.000000e+00 0.000000e+00 -0.000000e+00 4.161417e+02 -1.198124e+02 -nan -nan 6.014442e+01
1.218223e-01 2.000000e+00 1.000000e+00 0.000000e+00 -0.000000e+00 4.422487e+02 -1.279421e+02 -nan -nan 6.228589e+01
1.235834e-01 2.000000e+00 1.000000e+00 0.000000e+00 -0.000000e+00 4.367124e+02 -1.277183e+02 -nan -nan 6.344375e+01
1.253445e-01 2.000000e+00 1.000000e+00 0.000000e+00 -0.000000e+00 4.561316e+02 -1.337131e+02 -nan -nan 6.512002e+01
1.271056e-01 2.000000e+00 1.000000e+00 0.000000e+00 -0.000000e+00 4.673190e+02 -1.356250e+02 -nan -nan 6.682410e+01
1.287409e-01 2.000000e+00 1.000000e+00 0.000000e+00 -0.000000e+00 5.026642e+02 -1.431348e+02 -nan -nan 6.840538e+01
1.303762e-01 2.000000e+00 1.000000e+00 0.000000e+00 -0.000000e+00 4.869030e+02 -1.435160e+02 -nan -nan 7.009217e+01
1.320115e-01 2.000000e+00 1.000000e+00 0.000000e+00 -0.000000e+00 5.121753e+02 -1.481196e+02 -nan -nan 7.089340e+01
1.336468e-01 2.000000e+00 1.000000e+00 0.000000e+00 -0.000000e+00 5.176820e+02 -1.512972e+02 -nan -nan 7.338364e+01
1.352822e-01 2.000000e+00 1.000000e+00 0.000000e+00 -0.000000e+00 5.408002e+02 -1.561044e+02 -nan -nan 7.405944e+01
1.369175e-01 2.000000e+00 1.000000e+00 0.000000e+00 -0.000000e+00 5.455690e+02 -1.592586e+02 -nan -nan 7.690052e+01
1.385528e-01 2.000000e+00 1.000000e+00 0.000000e+00 -0.000000e+00 5.739365e+02 -1.647468e+02 -nan -nan 7.736938e+01
1.399837e-01 2.000000e+00 1.000000e+00 0.000000e+00 -0.000000e+00 6.161763e+02 -1.702570e+02 -nan -nan 8.058818e+01
1.414146e-01 2.000000e+00 1.000000e+00 0.000000e+00 -0.000000e+00 5.952119e+02 -1.735397e+02 -nan -nan 7.998289e+01
1.428455e-01 2.000000e+00 1.000000e+00 0.000000e+00 -0.000000e+00 5.975338e+02 -1.706816e+02 -nan -nan 8.265025e+01
1.442764e-01 2.000000e+00 1.000000e+00 0.000000e+00 -0.000000e+00 6.380830e+02 -1.812398e+02 -nan -nan 8.248773e+01
1.457073e-01 2.000000e+00 1.000000e+00 0.000000e+00 -0.000000e+00 6.164381e+02 -1.762177e+02 -nan -nan 8.596525e+01
1.471382e-01 2.000000e+00 1.000000e+00 0.000000e+00 -0.000000e+00 6.765328e+02 -1.890812e+02 -nan -nan 8.505818e+01
1.485691e-01 2.000000e+00 1.000000e+00 0.000000e+00 -0.000000e+00 6.389478e+02 -1.822737e+02 -nan -nan 8.963349e+01
1.500000e-01 2.000000e+00 1.000000e+00 0.000000e+00 -0.000000e+00 7.201286e+02 -1.981572e+02 -nan -nan 8.745699e+01
1.515152e-01 2.000000e+00 1.000000e+00 0.000000e+00 -0.000000e+00 6.413040e+02 -1.872202e+02 -nan -nan 9.377988e+01
1.529844e-01 2.000000e+00 1.000000e+00 0.000000e+00 -0.000000e+00 7.863619e+02 -2.089441e+02 -nan -nan 9.012564e+01
1.544536e-01 2.000000e+00 1.000000e+00 0.000000e+00 -0.000000e+00 6.774531e+02 -1.943220e+02 -nan -nan 9.910193e+01
1.558770e-01 2.000000e+00 1.000000e+00 0.000000e+00 -0.000000e+00 8.335626e+02 -2.221726e+02 -nan -nan 9.300748e+01
1.573003e-01 2.000000e+00 1.000000e+00 0.000000e+00 -0.000000e+00 7.007813e+02 -1.969804e+02 -nan -nan 1.029291e+02
1.587236e-01 2.000000e+00 1.000000e+00 0.000000e+00 -0.000000e+00 8.686450e+02 -2.342741e+02 -nan -nan 9.655180e+01
1.601469e-01 2.000000e+00 1.000000e+00 0.000000e+00 -0.000000e+00 7.299719e+02 -1.989450e+02 -nan -nan 1.061969e+02
1.615212e-01 2.000000e+00 1.000000e+00 0.000000e+00 -0.000000e+00 9.341999e+02 -2.497612e+02 -nan -nan 1.008632e+02
1.628954e-01 2.000000e+00 1.000000e+00 0.000000e+00 -0.000000e+00 7.498919e+02 -1.990619e+02 -nan -nan 1.092014e+02
1.642697e-01 2.000000e+00 1.000000e+00 0.000000e+00 -0.000000e+00 9.683029e+02 -2.624250e+02 -nan -nan 1.050928e+02
1.656439e-01 2.000000e+00 1.000000e+00 0.000000e+00 -0.000000e+00 7.801566e+02 -1.987724e+02 -nan -nan 1.118240e+02
1.670181e-01 2.000000e+00 1.000000e+00 0.000000e+00 -0.000000e+00 1.017093e+03 -2.772483e+02 -nan -nan 1.101975e+02
1.683924e-01 2.000000e+00 1.000000e+00 0.000000e+00 -0.000000e+00 8.088066e+02 -1.974531e+02 -nan -nan 1.142625e+02
1.697094e-01 2.000000e+00 1.000000e+00 0.000000e+00 -0.000000e+00 1.093776e+03 -2.954724e+02 -nan -nan 1.157501e+02
1.710264e-01 2.000000e+00 1.000000e+00 0.000000e+00 -0.000000e+00 8.254646e+02 -1.927264e+02 -nan -nan 1.163103e+02
1.723433e-01 2.000000e+00 1.000000e+00 0.000000e+00 -0.000000e+00 1.124567e+03 -3.100077e+02 -nan -nan 1.209071e+02
1.736603e-01 2.000000e+00 1.000000e+00 0.000000e+00 -0.000000e+00 8.559779e+02 -1.883670e+02 -nan -nan 1.179779e+02
1.749773e-01 2.000000e+00 1.000000e+00 0.000000e+00 -0.000000e+00 1.176891e+03 -3.274046e+02 -nan -nan 1.270596e+02
1.762943e-01 2.000000e+00 1.000000e+00 0.000000e+00 -0.000000e+00 8.844207e+02 -1.822341e+02 -nan -nan 1.193538e+02
1.775420e-01 2.000000e+00 1.000000e+00 0.000000e+00 -0.000000e+00 1.272624e+03 -3.505504e+02 -nan -nan 1.340343e+02
1.787896e-01 2.000000e+00 1.000000e+00 0.000000e+00 -0.000000e+00 8.955111e+02 -1.688194e+02 -nan -nan 1.198236e+02
1.800373e-01 2.000000e+00 1.000000e+00 0.000000e+00 -0.000000e+00 1.301366e+03 -3.689501e+02 -nan -nan 1.401769e+02
1.812850e-01 2.000000e+00 1.000000e+00 0.000000e+00 -0.000000e+00 9.239421e+02 -1.579920e+02 -nan -nan 1.200487e+02
1.825326e-01 2.000000e+00 1.000000e+00 0.000000e+00 -0.000000e+00 1.358321e+03 -3.914121e+02 -nan -nan 1.476617e+02
1.837803e-01 2.000000e+00 1.000000e+00 0.000000e+00 -0.000000e+00 9.465112e+02 -1.447276e+02 -nan -nan 1.198281e+02
1.850280e-01 2.000000e+00 1.000000e+00 0.000000e+00 -0.000000e+00 1.420837e+03 -4.164625e+02 -nan -nan 1.558582e+02
1.862756e-01 2.000000e+00 1.000000e+00 0.000000e+00 -0.000000e+00 9.684119e+02 -1.292630e+02 -nan -nan 1.190593e+02
1.875233e-01 2.000000e+00 1.000000e+00 0.000000e+00 -0.000000e+00 1.487150e+03 -4.443633e+02 -nan -nan 1.648109e+02
1.887710e-01 2.000000e+00 1.000000e+00 0.000000e+00 -0.000000e+00 9.897060e+02 -1.111943e+02 -nan -nan 1.176770e+02
1.898939e-01 2.000000e+00 1.000000e+00 0.000000e+00 -0.000000e+00 1.662286e+03 -4.905215e+02 -nan -nan 1.770849e+02
1.910168e-01 2.000000e+00 1.000000e+00 0.000000e+00 -0.000000e+00 9.641777e+02 -6.426789e+01 -nan -nan 1.122273e+02
1.921397e-01 2.000000e+00 1.000000e+00 0.000000e+00 -0.000000e+00 1.672462e+03 -5.255155e+02 -nan -nan 1.858728e+02
1.932626e-01 2.000000e+00 1.000000e+00 0.000000e+00 -0.000000e+00 9.843616e+02 -3.377823e+01 -nan -nan 1.082760e+02
1.943855e-01 2.000000e+00 1.000000e+00 0.000000e+00 -0.000000e+00 1.748504e+03 -5.662557e+02 -nan -nan 1.969376e+02
1.955084e-01 2.000000e+00 1.000000e+00 0.000000e+00 0.000000e+00 9.866695e+02 2.592513e+00 -nan -nan 1.033433e+02
1.966313e-01 2.000000e+00 1.000000e+00 0.000000e+00 -0.000000e+00 1.836476e+03 -6.133878e+02 -nan -nan 2.095167e+02
1.977542e-01 2.000000e+00 1.000000e+00 0.000000e+00 0.000000e+00 9.853848e+02 4.417940e+01 -nan -nan 9.719869e+01
1.988771e-01 2.000000e+00 1.000000e+00 0.000000e+00 -0.000000e+00 1.931908e+03 -6.667983e+02 -nan -nan 2.236613e+02
2.000000e-01 2.000000e+00 1.000000e+00 0.000000e+00 0.000000e+00 9.820938e+02 9.162041e+01 -nan -nan 8.962876e+01
2.011905e-01 2.000000e+00 1.000000e+00 0.000000e+00 -0.000000e+00 1.961797e+03 -7.096738e+02 -nan -nan 2.361695e+02
2.023810e-01 2.000000e+00 1.000000e+00 0.000000e+00 0.000000e+00 1.015518e+03 1.161100e+02 -nan -nan 8.474188e+01
2.035714e-01 2.000000e+00 1.000000e+00 0.000000e+00 -0.000000e+00 2.109646e+03 -7.701247e+02 -nan -nan 2.545322e+02
2.047619e-01 2.000000e+00 1.000000e+00 0.000000e+00 0.000000e+00 1.013006e+03 1.704269e+02 -nan -nan 7.425192e+01
2.059219e-01 2.000000e+00 1.000000e+00 0.000000e+00 -0.000000e+00 2.265411e+03 -8.488535e+02 -nan -nan 2.770278e+02
2.071132e-01 2.000000e+00 1.000000e+00 0.000000e+00 0.000000e+00 9.892914e+02 2.340929e+02 -nan -nan 6.093495e+01
2.082723e-01 2.000000e+00 1.000000e+00 0.000000e+00 -0.000000e+00 2.394200e+03 -9.233108e+02 -nan -nan 2.993407e+02
2.094645e-01 2.000000e+00 1.000000e+00 0.000000e+00 0.000000e+00 9.937438e+02 3.005411e+02 -nan -nan 4.617011e+01
2.106226e-01 2.000000e+00 1.000000e+00 0.000000e+00 -0.000000e+00 2.522963e+03 -1.002400e+03 -nan -nan 3.244794e+02
2.118159e-01 2.000000e+00 1.000000e+00 0.000000e+00 0.000000e+00 1.001751e+03 3.743461e+02 -nan -nan 2.855033e+01
2.129730e-01 2.000000e+00 1.000000e+00 0.000000e+00 -0.000000e+00 2.656930e+03 -1.086114e+03 -nan -nan 3.528677e+02
2.141674e-01 2.000000e+00 1.000000e+00 0.000000e+00 0.000000e+00 1.019046e+03 4.571875e+02 -nan -nan 8.202752e+00
2.153233e-01 2.000000e+00 1.000000e+00 0.000000e+00 -0.000000e+00 2.789963e+03 -1.172428e+03 -nan -nan 3.844196e+02
2.165190e-01 2.000000e+00 1.000000e+00 0.000000e+00 0.000000e+00 1.056901e+03 5.447886e+02 -nan -nan -1.508731e+01
2.176736e-01 2.000000e+00 1.000000e+00 0.000000e+00 -0.000000e+00 2.914863e+03 -1.253892e+03 -nan -nan 4.194648e+02
2.188708e-01 2.000000e+00 1.000000e+00 0.000000e+00 0.000000e+00 1.115643e+03 6.342236e+02 -nan -nan -4.091013e+01
2.200238e-01 2.000000e+00 1.000000e+00 0.000000e+00 -0.000000e+00 3.034037e+03 -1.329969e+03 -nan -nan 4.581166e+02
2.212228e-01 2.000000e+00 1.000000e+00 0.000000e+00 0.000000e+00 1.189956e+03 7.278857e+02 -nan -nan -6.957328e+01
2.223739e-01 2.000000e+00 1.000000e+00 0.000000e+00 -0.000000e+00 3.156291e+03 -1.403670e+03 -nan -nan 5.009529e+02
2.235750e-01 2.000000e+00 1.000000e+00 0.000000e+00 0.000000e+00 1.282510e+03 8.282662e+02 -nan -nan -1.010719e+02
2.247240e-01 2.000000e+00 1.000000e+00 0.000000e+00 -0.000000e+00 3.284588e+03 -1.473623e+03 -nan -nan 5.481989e+02
2.259276e-01 2.000000e+00 1.000000e+00 0.000000e+00 0.000000e+00 1.391507e+03 9.392158e+02 -nan -nan -1.359095e+02
2.271312e-01 2.000000e+00 1.000000e+00 0.000000e+00 -0.000000e+00 3.311364e+03 -1.501782e+03 -nan -nan 5.862263e+02
2.283348e-01 2.000000e+00 1.000000e+00 0.000000e+00 0.000000e+00 1.609385e+03 1.049427e+03 -nan -nan -1.708713e+02
2.295384e-01 2.000000e+00 1.000000e+00 0.000000e+00 -0.000000e+00 3.439585e+03 -1.563969e+03 -nan -nan 6.434865e+02
2.307421e-01 2.000000e+00 1.000000e+00 0.000000e+00 0.000000e+00 1.776445e+03 1.189423e+03 -nan -nan -2.154229e+02
2.319457e-01 2.000000e+00 1.000000e+00 0.000000e+00 -0.000000e+00 3.582959e+03 -1.628339e+03 -nan -nan 7.049314e+02
2.331493e-01 2.000000e+00 1.000000e+00 0.000000e+00 0.000000e+00 1.964764e+03 1.345279e+03 -nan -nan -2.649771e+02
2.343529e-01 2.000000e+00 1.000000e+00 0.000000e+00 -0.000000e+00 3.739539e+03 -1.686730e+03 -nan -nan 7.712120e+02
2.355565e-01 2.000000e+00 1.000000e+00 0.000000e+00 0.000000e+00 2.194262e+03 1.520781e+03 -nan -nan -3.190239e+02
2.367602e-01 2.000000e+00 1.000000e+00 0.000000e+00 -0.000000e+00 3.925550e+03 -1.726409e+03 -nan -nan 8.438829e+02
2.379638e-01 2.000000e+00 1.000000e+00 0.000000e+00 0.000000e+00 2.478714e+03 1.747965e+03 -nan -nan -3.757496e+02
2.391674e-01 2.000000e+00 1.000000e+00 0.000000e+00 -0.000000e+00 4.173493e+03 -1.715039e+03 -nan -nan 9.258983e+02
2.403710e-01 2.000000e+00 1.000000e+00 0.000000e+00 0.000000e+00 2.846471e+03 2.068680e+03 -nan -nan -4.314381e+02
2.415747e-01 2.000000e+00 1.000000e+00 0.000000e+00 -0.000000e+00 4.539253e+03 -1.610704e+03 -nan -nan 1.021992e+03
2.427783e-01 2.000000e+00 1.000000e+00 0.000000e+00 0.000000e+00 3.374873e+03 2.548686e+03 -nan -nan -4.793225e+02
2.439819e-01 2.000000e+00 1.000000e+00 0.000000e+00 -0.000000e+00 5.115245e+03 -1.289091e+03 -nan -nan 1.143286e+03
2.451855e-01 2.000000e+00 1.000000e+00 0.000000e+00 0.000000e+00 4.174341e+03 3.308878e+03 -nan -nan -5.063288e+02
2.463891e-01 2.000000e+00 1.000000e+00 0.000000e+00 -0.000000e+00 5.990910e+03 -6.577030e+02 -nan -nan 1.311590e+03
2.475928e-01 2.000000e+00 1.000000e+00 0.000000e+00 0.000000e+00 5.372382e+03 4.466951e+03 -nan -nan -4.826027e+02
2.487964e-01 2.000000e+00 1.000000e+00 0.000000e+00 0.000000e+00 7.302697e+03 4.200730e+02 -nan -nan 1.558808e+03
2.500000e-01 2.000000e+00 1.000000e+00 0.000000e+00 0.000000e+00 6.989407e+03 6.034403e+03 -nan -nan -3.989609e+02
2.513514e-01 2.000000e+00 1.000000e+00 0.000000e+00 0.000000e+00 8.086653e+03 1.506672e+03 -nan -nan 1.740853e+03
2.528716e-01 2.000000e+00 1.000000e+00 0.000000e+00 0.000000e+00 7.730635e+03 6.431754e+03 -nan -nan -1.308105e+02
2.545548e-01 2.000000e+00 1.000000e+00 0.000000e+00 0.000000e+00 8.898723e+03 2.762306e+03 -nan -nan 1.835484e+03
2.563726e-01 2.000000e+00 1.000000e+00 0.000000e+00 0.000000e+00 9.095067e+03 7.195876e+03 -nan -nan 9.988982e+01
2.582694e-01 2.000000e+00 1.000000e+00 0.000000e+00 0.000000e+00 9.975702e+03 3.967627e+03 -nan -nan 1.987600e+03
2.602566e-01 2.000000e+00 1.000000e+00 0.000000e+00 0.000000e+00 1.042031e+04 8.015014e+03 -nan -nan 1.802660e+02
2.622438e-01 2.000000e+00 1.000000e+00 0.000000e+00 0.000000e+00 1.086152e+04 4.642995e+03 -nan -nan 2.128103e+03
2.642309e-01 2.000000e+00 1.000000e+00 0.000000e+00 0.000000e+00 1.170604e+04 8.557996e+03 -nan -nan 1.077767e+02
2.662181e-01 2.000000e+00 1.000000e+00 0.000000e+00 0.000000e+00 1.107938e+04 4.390984e+03 -nan -nan 2.258457e+03
2.682053e-01 2.000000e+00 1.000000e+00 0.000000e+00 0.000000e+00 1.224554e+04 8.617919e+03 -nan -nan -4.586751e+01
2.701925e-01 2.000000e+00 1.000000e+00 0.000000e+00 0.000000e+00 1.091407e+04 3.879003e+03 -nan -nan 2.333492e+03
2.721796e-01 2.000000e+00 1.000000e+00 0.000000e+00 0.000000e+00 1.237869e+04 8.404681e+03 -nan -nan -2.390084e+02
2.741668e-01 2.000000e+00 1.000000e+00 0.000000e+00 0.000000e+00 1.061201e+04 3.305945e+03 -nan -nan 2.412857e+03
2.761540e-01 2.000000e+00 1.000000e+00 0.000000e+00 0.000000e+00 1.251864e+04 8.289516e+03 -nan -nan -4.162000e+02
2.781411e-01 2.000000e+00 1.000000e+00 0.000000e+00 0.000000e+00 1.026411e+04 2.726023e+03 -nan -nan 2.493478e+03
2.801283e-01 2.000000e+00 1.000000e+00 0.000000e+00 0.000000e+00 1.253177e+04 8.216136e+03 -nan -nan -5.834871e+02
2.821155e-01 2.000000e+00 1.000000e+00 0.000000e+00 0.000000e+00 9.932920e+03 2.290399e+03 -nan -nan 2.577498e+03
2.841026e-01 2.000000e+00 1.000000e+00 0.000000e+00 0.000000e+00 1.259839e+04 8.326053e+03 -nan -nan -7.469164e+02
2.860898e-01 2.000000e+00 1.000000e+00 0.000000e+00 0.000000e+00 9.686788e+03 1.959606e+03 -nan -nan 2.656004e+03
2.880770e-01 2.000000e+00 1.000000e+00 0.000000e+00 0.000000e+00 1.278844e+04 8.495625e+03 -nan -nan -9.157162e+02
2.900642e-01 2.000000e+00 1.000000e+00 0.000000e+00 0.000000e+00 9.517257e+03 1.592237e+03 -nan -nan 2.732373e+03
2.920513e-01 2.000000e+00 1.000000e+00 0.000000e+00 0.000000e+00 1.299051e+04 8.594115e+03 -nan -nan -1.070140e+03
2.940385e-01 2.000000e+00 1.000000e+00 0.000000e+00 0.000000e+00 9.411517e+03 1.251547e+03 -nan -nan 2.812000e+03
2.960257e-01 2.000000e+00 1.000000e+00 0.000000e+00 0.000000e+00 1.327957e+04 8.778970e+03 -nan -nan -1.222034e+03
2.980128e-01 2.000000e+00 1.000000e+00 0.000000e+00 0.000000e+00 9.373116e+03 9.850159e+02 -nan -nan 2.893565e+03
3.000000e-01 2.000000e+00 1.000000e+00 0.000000e+00 0.000000e+00 1.353283e+04 8.992618e+03 -nan -nan -1.386326e+03
3.021739e-01 2.000000e+00 1.000000e+00 0.000000e+00 0.000000e+00 8.551078e+03 4.116731e+02 -nan -nan 2.791466e+03
3.044513e-01 2.000000e+00 1.000000e+00 0.000000e+00 0.000000e+00 1.276069e+04 8.158351e+03 -nan -nan -1.358781e+03
3.067288e-01 2.000000e+00 1.000000e+00 0.000000e+00 0.000000e+00 9.054410e+03 5.327028e+02 -nan -nan 2.776791e+03
3.090062e-01 2.000000e+00 1.000000e+00 0.000000e+00 0.000000e+00 1.343627e+04 8.503457e+03 -nan -nan -1.485899e+03
3.114176e-01 2.000000e+00 1.000000e+00 0.000000e+00 0.000000e+00 8.639655e+03 9.998732e+01 -nan -nan 2.797902e+03
3.138290e-01 2.000000e+00 1.000000e+00 0.000000e+00 0.000000e+00 1.354168e+04 8.395238e+03 -nan -nan -1.547442e+03
3.162404e-01 2.000000e+00 1.000000e+00 0.000000e+00 0.000000e+00 9.034818e+03 1.763952e+00 -nan -nan 2.920109e+03
3.186518e-01 2.000000e+00 1.000000e+00 0.000000e+00 0.000000e+00 1.394930e+04 8.630063e+03 -nan -nan -1.709254e+03
3.210632e-01 2.000000e+00 1.000000e+00 0.000000e+00 -0.000000e+00 8.970755e+03 -4.401686e+02 -nan -nan 3.034302e+03
3.234746e-01 2.000000e+00 1.000000e+00 0.000000e+00 0.000000e+00 1.428468e+04 8.805462e+03 -nan -nan -1.870674e+03
3.258860e-01 2.000000e+00 1.000000e+00 0.000000e+00 -0.000000e+00 8.868282e+03 -8.825685e+02 -nan -nan 3.136395e+03
3.282974e-01 2.000000e+00 1.000000e+00 0.000000e+00 0.000000e+00 1.455473e+04 8.962112e+03 -nan -nan -2.021230e+03
3.307088e-01 2.000000e+00 1.000000e+00 0.000000e+00 -0.000000e+00 8.739700e+03 -1.335871e+03 -nan -nan 3.236657e+03
3.331202e-01 2.000000e+00 1.000000e+00 0.000000e+00 0.000000e+00 1.479127e+04 9.124915e+03 -nan -nan -2.156664e+03
3.355316e-01 2.000000e+00 1.000000e+00 0.000000e+00 -0.000000e+00 8.631793e+03 -1.757148e+03 -nan -nan 3.327606e+03
3.379430e-01 2.000000e+00 1.000000e+00 0.000000e+00 0.000000e+00 1.499491e+04 9.255571e+03 -nan -nan -2.275081e+03
3.403544e-01 2.000000e+00 1.000000e+00 0.000000e+00 -0.000000e+00 8.536434e+03 -2.173974e+03 -nan -nan 3.413855e+03
3.427658e-01 2.000000e+00 1.000000e+00 0.000000e+00 0.000000e+00 1.517434e+04 9.318055e+03 -nan -nan -2.361691e+03
3.451772e-01 2.000000e+00 1.000000e+00 0.000000e+00 -0.000000e+00 8.454697e+03 -2.585948e+03 -nan -nan 3.493930e+03
3.475886e-01 2.000000e+00 1.000000e+00 0.000000e+00 0.000000e+00 1.532459e+04 9.353822e+03 -nan -nan -2.426499e+03
3.500000e-01 2.000000e+00 1.000000e+00 0.000000e+00 -0.000000e+00 8.377532e+03 -2.961751e+03 -nan -nan 3.563039e+03
3.525000e-01 2.000000e+00 1.000000e+00 0.000000e+00 0.000000e+00 1.500734e+04 9.114540e+03 -nan -nan -2.417176e+03
3.550000e-01 2.000000e+00 1.000000e+00 0.000000e+00 -0.000000e+00 8.323797e+03 -3.082547e+03 -nan -nan 3.499875e+03
3.575000e-01 2.000000e+00 1.000000e+00 0.000000e+00 0.000000e+00 1.536072e+04 9.222534e+03 -nan -nan -2.432396e+03
3.600000e-01 2.000000e+00 1.000000e+00 0.000000e+00 -0.000000e+00 8.325135e+03 -3.292403e+03 -nan -nan 3.540637e+03
3.625000e-01 2.000000e+00 1.000000e+00 0.000000e+00 0.000000e+00 1.551902e+04 9.333578e+03 -nan -nan -2.469905e+03
3.650000e-01 2.000000e+00 1.000000e+00 0.000000e+00 -0.000000e+00 8.323860e+03 -3.474267e+03 -nan -nan 3.563756e+03
3.675000e-01 2.000000e+00 1.000000e+00 0.000000e+00 0.000000e+00 1.562044e+04 9.439422e+03 -nan -nan -2.495235e+03
3.700000e-01 2.000000e+00 1.000000e+00 0.000000e+00 -0.000000e+00 8.315627e+03 -3.630512e+03 -nan -nan 3.573180e+03
3.725000e-01 2.000000e+00 1.000000e+00 0.000000e+00 0.000000e+00 1.567580e+04 9.559529e+03 -nan -nan -2.514356e+03
3.750000e-01 2.000000e+00 1.000000e+00 0.000000e+00 -0.000000e+00 8.297148e+03 -3.772893e+03 -nan -nan 3.572198e+03
3.775000e-01 2.000000e+00 1.000000e+00 0.000000e+00 0.000000e+00 1.570671e+04 9.667911e+03 -nan -nan -2.524941e+03
3.800000e-01 2.000000e+00 1.000000e+00 0.000000e+00 -0.000000e+00 8.289142e+03 -3.924234e+03 -nan -nan 3.565324e+03
3.825000e-01 2.000000e+00 1.000000e+00 0.000000e+00 0.000000e+00 1.572507e+04 9.766509e+03 -nan -nan -2.530568e+03
3.850000e-01 2.000000e+00 1.000000e+00 0.000000e+00 -0.000000e+00 8.287853e+03 -4.078325e+03 -nan -nan 3.551771e+03
3.875000e-01 2.000000e+00 1.000000e+00 0.000000e+00 0.000000e+00 1.570296e+04 9.845104e+03 -nan -nan -2.532695e+03
3.900000e-01 2.000000e+00 1.000000e+00 0.000000e+00 -0.000000e+00 8.304976e+03 -4.225419e+03 -nan -nan 3.532970e+03
3.925000e-01 2.000000e+00 1.000000e+00 0.000000e+00 0.000000e+00 1.567426e+04 9.921551e+03 -nan -nan -2.529784e+03
3.950000e-01 2.000000e+00 1.000000e+00 0.000000e+00 -0.000000e+00 8.334967e+03 -4.359867e+03 -nan -nan 3.510986e+03
3.975000e-01 2.000000e+00 1.000000e+00 0.000000e+00 0.000000e+00 1.563667e+04 9.988159e+03 -nan -nan -2.521301e+03
4.000000e-01 2.000000e+00 1.000000e+00 0.000000e+00 -0.000000e+00 8.371938e+03 -4.473088e+03 -nan -nan 3.485755e+03
4.027778e-01 2.000000e+00 1.000000e+00 0.000000e+00 0.000000e+00 1.436690e+04 9.195276e+03 -nan -nan -2.319576e+03
4.055556e-01 2.000000e+00 1.000000e+00 0.000000e+00 -0.000000e+00 8.447798e+03 -3.979545e+03 -nan -nan 3.151444e+03
4.083333e-01 2.000000e+00 1.000000e+00 0.000000e+00 0.000000e+00 1.497058e+04 9.312577e+03 -nan -nan -2.226485e+03
4.111111e-01 2.000000e+00 1.000000e+00 0.000000e+00 -0.000000e+00 8.513594e+03 -4.062857e+03 -nan -nan 3.135539e+03
4.138889e-01 2.000000e+00 1.000000e+00 0.000000e+00 0.000000e+00 1.503305e+04 9.408885e+03 -nan -nan -2.208856e+03
4.166667e-01 2.000000e+00 1.000000e+00 0.000000e+00 -0.000000e+00 8.543865e+03 -4.173854e+03 -nan -nan 3.104850e+03
4.194444e-01 2.000000e+00 1.000000e+00 0.000000e+00 0.000000e+00 1.506602e+04 9.489788e+03 -nan -nan -2.182805e+03
4.222222e-01 2.000000e+00 1.000000e+00 0.000000e+00 -0.000000e+00 8.630434e+03 -4.235338e+03 -nan -nan 3.073425e+03
4.250000e-01 2.000000e+00 1.000000e+00 0.000000e+00 0.000000e+00 1.508582e+04 9.598667e+03 -nan -nan -2.153506e+03
4.277778e-01 2.000000e+00 1.000000e+00 0.000000e+00 -0.000000e+00 8.747264e+03 -4.290251e+03 -nan -nan 3.043734e+03
4.305556e-01 2.000000e+00 1.000000e+00 0.000000e+00 0.000000e+00 1.506608e+04 9.697476e+03 -nan -nan -2.124867e+03
4.333333e-01 2.000000e+00 1.000000e+00 0.000000e+00 -0.000000e+00 8.843499e+03 -4.325441e+03 -nan -nan 3.015926e+03
4.361111e-01 2.000000e+00 1.000000e+00 0.000000e+00 0.000000e+00 1.504997e+04 9.788488e+03 -nan -nan -2.093924e+03
4.388889e-01 2.000000e+00 1.000000e+00 0.000000e+00 -0.000000e+00 8.964825e+03 -4.368783e+03 -nan -nan 2.993365e+03
4.416667e-01 2.000000e+00 1.000000e+00 0.000000e+00 0.000000e+00 1.502794e+04 9.851853e+03 -nan -nan -2.064013e+03
